c:\users\lapsa\desktop\practiceisu\sfml_rpg\sfml_rpg\x64\debug\sfml_rpg.pch
c:\users\lapsa\desktop\practiceisu\sfml_rpg\sfml_rpg\x64\debug\vc142.pdb
c:\users\lapsa\desktop\practiceisu\sfml_rpg\sfml_rpg\x64\debug\vc142.idb
c:\users\lapsa\desktop\practiceisu\sfml_rpg\sfml_rpg\x64\debug\stdafx.obj
c:\users\lapsa\desktop\practiceisu\sfml_rpg\sfml_rpg\x64\debug\tilemap.obj
c:\users\lapsa\desktop\practiceisu\sfml_rpg\sfml_rpg\x64\debug\tile.obj
c:\users\lapsa\desktop\practiceisu\sfml_rpg\sfml_rpg\x64\debug\state.obj
c:\users\lapsa\desktop\practiceisu\sfml_rpg\sfml_rpg\x64\debug\settingsstate.obj
c:\users\lapsa\desktop\practiceisu\sfml_rpg\sfml_rpg\x64\debug\playergui.obj
c:\users\lapsa\desktop\practiceisu\sfml_rpg\sfml_rpg\x64\debug\player.obj
c:\users\lapsa\desktop\practiceisu\sfml_rpg\sfml_rpg\x64\debug\pausemenu.obj
c:\users\lapsa\desktop\practiceisu\sfml_rpg\sfml_rpg\x64\debug\movementcomponent.obj
c:\users\lapsa\desktop\practiceisu\sfml_rpg\sfml_rpg\x64\debug\mainmenustate.obj
c:\users\lapsa\desktop\practiceisu\sfml_rpg\sfml_rpg\x64\debug\main.obj
c:\users\lapsa\desktop\practiceisu\sfml_rpg\sfml_rpg\x64\debug\hitboxcomponent.obj
c:\users\lapsa\desktop\practiceisu\sfml_rpg\sfml_rpg\x64\debug\gamestate.obj
c:\users\lapsa\desktop\practiceisu\sfml_rpg\sfml_rpg\x64\debug\game.obj
c:\users\lapsa\desktop\practiceisu\sfml_rpg\sfml_rpg\x64\debug\entity.obj
c:\users\lapsa\desktop\practiceisu\sfml_rpg\sfml_rpg\x64\debug\editorstate.obj
c:\users\lapsa\desktop\practiceisu\sfml_rpg\sfml_rpg\x64\debug\gui.obj
c:\users\lapsa\desktop\practiceisu\sfml_rpg\sfml_rpg\x64\debug\graphicssettings.obj
c:\users\lapsa\desktop\practiceisu\sfml_rpg\sfml_rpg\x64\debug\attributecomponent.obj
c:\users\lapsa\desktop\practiceisu\sfml_rpg\sfml_rpg\x64\debug\animationcomponent.obj
c:\users\lapsa\desktop\practiceisu\sfml_rpg\sfml_rpg\x64\debug\sfml_rpg.ilk
c:\users\lapsa\desktop\practiceisu\sfml_rpg\x64\debug\sfml_rpg.exe
c:\users\lapsa\desktop\practiceisu\sfml_rpg\x64\debug\sfml_rpg.pdb
c:\users\lapsa\desktop\practiceisu\sfml_rpg\sfml_rpg\x64\debug\sfml_rpg.tlog\cl.command.1.tlog
c:\users\lapsa\desktop\practiceisu\sfml_rpg\sfml_rpg\x64\debug\sfml_rpg.tlog\cl.read.1.tlog
c:\users\lapsa\desktop\practiceisu\sfml_rpg\sfml_rpg\x64\debug\sfml_rpg.tlog\cl.write.1.tlog
c:\users\lapsa\desktop\practiceisu\sfml_rpg\sfml_rpg\x64\debug\sfml_rpg.tlog\link.command.1.tlog
c:\users\lapsa\desktop\practiceisu\sfml_rpg\sfml_rpg\x64\debug\sfml_rpg.tlog\link.read.1.tlog
c:\users\lapsa\desktop\practiceisu\sfml_rpg\sfml_rpg\x64\debug\sfml_rpg.tlog\link.write.1.tlog
